<?xml version="1.0" encoding="UTF-8"?>
<!-- Generated by org.testng.reporters.JUnitXMLReporter -->
<testsuite hostname="DESKTOP-DCMS2K8" ignored="0" name="Test" tests="5" failures="0" timestamp="2023-06-26T12:33:39 IST" time="15.264" errors="0">
  <testcase name="createAirline" time="7.876" classname="com.RestAssured.TestUsingPojo.CreateAirlineDataPojoTest"/>
  <testcase name="duplicateAirlineCreation" time="1.351" classname="com.RestAssured.TestUsingPojo.CreateAirlineDataPojoTest"/>
  <testcase name="getAirlineUsingAirlineId" time="1.25" classname="com.RestAssured.TestUsingPojo.CreateAirlineDataPojoTest"/>
  <testcase name="getAllAirlineDetails" time="4.602" classname="com.RestAssured.TestUsingPojo.CreateAirlineDataPojoTest"/>
  <testcase name="testPostUsingHashMap" time="0.005" classname="com.AravindaLabs.test.day2.PostDataCreation"/>
</testsuite> <!-- Test -->
