<?xml version="1.0" encoding="UTF-8"?>
<!-- Generated by org.testng.reporters.JUnitXMLReporter -->
<testsuite hostname="DESKTOP-DCMS2K8" ignored="3" name="Default test" tests="1" failures="0" timestamp="2023-03-07T19:34:57 IST" time="31.211" errors="0">
  <testcase name="createAirline" time="30.904" classname="com.RestAssured.TestUsingPojo.CreateAirlineDataPojoTest"/>
  <testcase name="getAirlineUsingAirlineId" time="0.0" classname="com.RestAssured.TestUsingPojo.CreateAirlineDataPojoTest">
    <ignored/>
  </testcase> <!-- getAirlineUsingAirlineId -->
  <testcase name="duplicateAirlineCreation" time="0.0" classname="com.RestAssured.TestUsingPojo.CreateAirlineDataPojoTest">
    <ignored/>
  </testcase> <!-- duplicateAirlineCreation -->
  <testcase name="getAllAirlineDetails" time="0.0" classname="com.RestAssured.TestUsingPojo.CreateAirlineDataPojoTest">
    <ignored/>
  </testcase> <!-- getAllAirlineDetails -->
</testsuite> <!-- Default test -->
