<?xml version="1.0" encoding="UTF-8"?>
<!-- Generated by org.testng.reporters.JUnitXMLReporter -->
<testsuite hostname="DESKTOP-DCMS2K8" ignored="0" name="Default test" tests="3" failures="0" timestamp="2023-04-10T10:01:15 IST" time="11.137" errors="0">
  <testcase name="createAirlineAndVerifyResponse" time="8.385" classname="com.RestAssured.TestUsingLombok.CreateAirlineTestLombok"/>
  <testcase name="createPassengerTest" time="1.325" classname="com.RestAssured.TestUsingLombok.CreateAirlineTestLombok"/>
  <testcase name="createAirline" time="1.282" classname="com.RestAssured.TestUsingLombok.CreateAirlineTestLombok"/>
</testsuite> <!-- Default test -->
