<?xml version="1.0" encoding="UTF-8"?>
<!-- Generated by org.testng.reporters.JUnitXMLReporter -->
<testsuite hostname="DESKTOP-DCMS2K8" ignored="4" name="Regression" tests="2" failures="0" timestamp="2023-03-03T11:05:33 IST" time="35.688" errors="0">
  <testcase name="createAirlines" time="32.166" classname="com.AravindaLabs.day1.HTTPRequests"/>
  <testcase name="getAirlineDataById" time="3.339" classname="com.AravindaLabs.day1.HTTPRequests"/>
  <testcase name="deleteUser" time="0.0" classname="com.AravindaLabs.day1.HTTPRequests">
    <ignored/>
  </testcase> <!-- deleteUser -->
  <testcase name="createUser" time="0.0" classname="com.AravindaLabs.day1.HTTPRequests">
    <ignored/>
  </testcase> <!-- createUser -->
  <testcase name="updateUser" time="0.0" classname="com.AravindaLabs.day1.HTTPRequests">
    <ignored/>
  </testcase> <!-- updateUser -->
  <testcase name="getUserList" time="0.0" classname="com.AravindaLabs.day1.HTTPRequests">
    <ignored/>
  </testcase> <!-- getUserList -->
</testsuite> <!-- Regression -->
